<?xml version="1.0" encoding="UTF-8"?>
<testng-results ignored="0" total="8" passed="8" failed="0" skipped="0">
  <reporter-output>
  </reporter-output>
  <suite started-at="2021-06-01T23:26:27 MSK" name="Ex1Suite" finished-at="2021-06-01T23:27:58 MSK" duration-ms="91704">
    <groups>
      <group name="cucumber">
        <method signature="AbstractTestNGCucumberTests.runScenario(io.cucumber.testng.PickleWrapper, io.cucumber.testng.FeatureWrapper)[pri:0, instance:hw3.Ex1.Exercise1@31ddd4a4]" name="runScenario" class="io.cucumber.testng.AbstractTestNGCucumberTests"/>
      </group> <!-- cucumber -->
    </groups>
    <test started-at="2021-06-01T23:26:27 MSK" name="Functional" finished-at="2021-06-01T23:27:58 MSK" duration-ms="91704">
      <class name="hw3.Ex1.Exercise1">
        <test-method is-config="true" signature="setUpClass()[pri:0, instance:hw3.Ex1.Exercise1@31ddd4a4]" started-at="2021-06-01T23:26:27 MSK" name="setUpClass" finished-at="2021-06-01T23:26:28 MSK" duration-ms="1243" status="PASS">
          <reporter-output>
          </reporter-output>
        </test-method> <!-- setUpClass -->
        <test-method signature="runScenario(io.cucumber.testng.PickleWrapper, io.cucumber.testng.FeatureWrapper)[pri:0, instance:hw3.Ex1.Exercise1@31ddd4a4]" started-at="2021-06-01T23:26:28 MSK" name="runScenario" description="Runs Cucumber Scenarios" data-provider="scenarios" finished-at="2021-06-01T23:26:44 MSK" duration-ms="15890" status="PASS">
          <params>
            <param index="0">
              <value>
                <![CDATA["Test browser title"]]>
              </value>
            </param>
            <param index="1">
              <value>
                <![CDATA["Optional[Ex1]"]]>
              </value>
            </param>
          </params>
          <reporter-output>
          </reporter-output>
        </test-method> <!-- runScenario -->
        <test-method signature="runScenario(io.cucumber.testng.PickleWrapper, io.cucumber.testng.FeatureWrapper)[pri:0, instance:hw3.Ex1.Exercise1@31ddd4a4]" started-at="2021-06-01T23:26:44 MSK" name="runScenario" description="Runs Cucumber Scenarios" data-provider="scenarios" finished-at="2021-06-01T23:26:54 MSK" duration-ms="9725" status="PASS">
          <params>
            <param index="0">
              <value>
                <![CDATA["Test contents header section"]]>
              </value>
            </param>
            <param index="1">
              <value>
                <![CDATA["Optional[Ex1]"]]>
              </value>
            </param>
          </params>
          <reporter-output>
          </reporter-output>
        </test-method> <!-- runScenario -->
        <test-method signature="runScenario(io.cucumber.testng.PickleWrapper, io.cucumber.testng.FeatureWrapper)[pri:0, instance:hw3.Ex1.Exercise1@31ddd4a4]" started-at="2021-06-01T23:26:54 MSK" name="runScenario" description="Runs Cucumber Scenarios" data-provider="scenarios" finished-at="2021-06-01T23:27:04 MSK" duration-ms="9649" status="PASS">
          <params>
            <param index="0">
              <value>
                <![CDATA["Test index page images"]]>
              </value>
            </param>
            <param index="1">
              <value>
                <![CDATA["Optional[Ex1]"]]>
              </value>
            </param>
          </params>
          <reporter-output>
          </reporter-output>
        </test-method> <!-- runScenario -->
        <test-method signature="runScenario(io.cucumber.testng.PickleWrapper, io.cucumber.testng.FeatureWrapper)[pri:0, instance:hw3.Ex1.Exercise1@31ddd4a4]" started-at="2021-06-01T23:27:04 MSK" name="runScenario" description="Runs Cucumber Scenarios" data-provider="scenarios" finished-at="2021-06-01T23:27:12 MSK" duration-ms="8472" status="PASS">
          <params>
            <param index="0">
              <value>
                <![CDATA["Test index page of main headers text"]]>
              </value>
            </param>
            <param index="1">
              <value>
                <![CDATA["Optional[Ex1]"]]>
              </value>
            </param>
          </params>
          <reporter-output>
          </reporter-output>
        </test-method> <!-- runScenario -->
        <test-method signature="runScenario(io.cucumber.testng.PickleWrapper, io.cucumber.testng.FeatureWrapper)[pri:0, instance:hw3.Ex1.Exercise1@31ddd4a4]" started-at="2021-06-01T23:27:12 MSK" name="runScenario" description="Runs Cucumber Scenarios" data-provider="scenarios" finished-at="2021-06-01T23:27:30 MSK" duration-ms="17862" status="PASS">
          <params>
            <param index="0">
              <value>
                <![CDATA["Test center iframe"]]>
              </value>
            </param>
            <param index="1">
              <value>
                <![CDATA["Optional[Ex1]"]]>
              </value>
            </param>
          </params>
          <reporter-output>
          </reporter-output>
        </test-method> <!-- runScenario -->
        <test-method signature="runScenario(io.cucumber.testng.PickleWrapper, io.cucumber.testng.FeatureWrapper)[pri:0, instance:hw3.Ex1.Exercise1@31ddd4a4]" started-at="2021-06-01T23:27:30 MSK" name="runScenario" description="Runs Cucumber Scenarios" data-provider="scenarios" finished-at="2021-06-01T23:27:39 MSK" duration-ms="8879" status="PASS">
          <params>
            <param index="0">
              <value>
                <![CDATA["Test sub header text"]]>
              </value>
            </param>
            <param index="1">
              <value>
                <![CDATA["Optional[Ex1]"]]>
              </value>
            </param>
          </params>
          <reporter-output>
          </reporter-output>
        </test-method> <!-- runScenario -->
        <test-method signature="runScenario(io.cucumber.testng.PickleWrapper, io.cucumber.testng.FeatureWrapper)[pri:0, instance:hw3.Ex1.Exercise1@31ddd4a4]" started-at="2021-06-01T23:27:39 MSK" name="runScenario" description="Runs Cucumber Scenarios" data-provider="scenarios" finished-at="2021-06-01T23:27:50 MSK" duration-ms="11198" status="PASS">
          <params>
            <param index="0">
              <value>
                <![CDATA["Test Left Section"]]>
              </value>
            </param>
            <param index="1">
              <value>
                <![CDATA["Optional[Ex1]"]]>
              </value>
            </param>
          </params>
          <reporter-output>
          </reporter-output>
        </test-method> <!-- runScenario -->
        <test-method signature="runScenario(io.cucumber.testng.PickleWrapper, io.cucumber.testng.FeatureWrapper)[pri:0, instance:hw3.Ex1.Exercise1@31ddd4a4]" started-at="2021-06-01T23:27:50 MSK" name="runScenario" description="Runs Cucumber Scenarios" data-provider="scenarios" finished-at="2021-06-01T23:27:58 MSK" duration-ms="8202" status="PASS">
          <params>
            <param index="0">
              <value>
                <![CDATA["Test Footer"]]>
              </value>
            </param>
            <param index="1">
              <value>
                <![CDATA["Optional[Ex1]"]]>
              </value>
            </param>
          </params>
          <reporter-output>
          </reporter-output>
        </test-method> <!-- runScenario -->
        <test-method is-config="true" signature="tearDownClass()[pri:0, instance:hw3.Ex1.Exercise1@31ddd4a4]" started-at="2021-06-01T23:27:58 MSK" name="tearDownClass" finished-at="2021-06-01T23:27:58 MSK" duration-ms="11" status="PASS">
          <reporter-output>
          </reporter-output>
        </test-method> <!-- tearDownClass -->
      </class> <!-- hw3.Ex1.Exercise1 -->
    </test> <!-- Functional -->
  </suite> <!-- Ex1Suite -->
</testng-results>
